<?xml version="1.0" encoding="UTF-8"?>
<testng-results ignored="0" total="2" passed="2" failed="0" skipped="0">
  <reporter-output>
  </reporter-output>
  <suite started-at="2025-12-31T21:18:34 IST" name="Suite" finished-at="2025-12-31T21:18:51 IST" duration-ms="17056">
    <groups>
      <group name="regression">
        <method signature="TC_001AccountRegistrationPage.verify_account_registration()[pri:0, instance:testCases.TC_001AccountRegistrationPage@73dce0e6]" name="verify_account_registration" class="testCases.TC_001AccountRegistrationPage"/>
      </group> <!-- regression -->
      <group name="sanity">
        <method signature="TC002_LoginTest.verify_login()[pri:0, instance:testCases.TC002_LoginTest@2eced48b]" name="verify_login" class="testCases.TC002_LoginTest"/>
      </group> <!-- sanity -->
      <group name="master">
        <method signature="TC002_LoginTest.verify_login()[pri:0, instance:testCases.TC002_LoginTest@2eced48b]" name="verify_login" class="testCases.TC002_LoginTest"/>
        <method signature="TC_001AccountRegistrationPage.verify_account_registration()[pri:0, instance:testCases.TC_001AccountRegistrationPage@73dce0e6]" name="verify_account_registration" class="testCases.TC_001AccountRegistrationPage"/>
      </group> <!-- master -->
    </groups>
    <test started-at="2025-12-31T21:18:34 IST" name="Test" finished-at="2025-12-31T21:18:51 IST" duration-ms="17056">
      <class name="testCases.TC002_LoginTest">
        <test-method is-config="true" signature="setup(java.lang.String,java.lang.String)[pri:0, instance:testCases.TC002_LoginTest@2eced48b]" started-at="2025-12-31T21:18:46 IST" name="setup" finished-at="2025-12-31T21:18:49 IST" duration-ms="3555" status="PASS">
          <params>
            <param index="0">
              <value>
                <![CDATA[linux]]>
              </value>
            </param>
            <param index="1">
              <value>
                <![CDATA[chrome]]>
              </value>
            </param>
          </params>
          <reporter-output>
          </reporter-output>
        </test-method> <!-- setup -->
        <test-method signature="verify_login()[pri:0, instance:testCases.TC002_LoginTest@2eced48b]" started-at="2025-12-31T21:18:49 IST" name="verify_login" finished-at="2025-12-31T21:18:51 IST" duration-ms="1772" status="PASS">
          <reporter-output>
          </reporter-output>
        </test-method> <!-- verify_login -->
        <test-method is-config="true" signature="tearDown()[pri:0, instance:testCases.TC002_LoginTest@2eced48b]" started-at="2025-12-31T21:18:51 IST" name="tearDown" finished-at="2025-12-31T21:18:51 IST" duration-ms="426" status="PASS">
          <reporter-output>
          </reporter-output>
        </test-method> <!-- tearDown -->
      </class> <!-- testCases.TC002_LoginTest -->
      <class name="testCases.TC_001AccountRegistrationPage">
        <test-method is-config="true" signature="setup(java.lang.String,java.lang.String)[pri:0, instance:testCases.TC_001AccountRegistrationPage@73dce0e6]" started-at="2025-12-31T21:18:35 IST" name="setup" finished-at="2025-12-31T21:18:41 IST" duration-ms="6575" status="PASS">
          <params>
            <param index="0">
              <value>
                <![CDATA[linux]]>
              </value>
            </param>
            <param index="1">
              <value>
                <![CDATA[chrome]]>
              </value>
            </param>
          </params>
          <reporter-output>
          </reporter-output>
        </test-method> <!-- setup -->
        <test-method signature="verify_account_registration()[pri:0, instance:testCases.TC_001AccountRegistrationPage@73dce0e6]" started-at="2025-12-31T21:18:41 IST" name="verify_account_registration" finished-at="2025-12-31T21:18:45 IST" duration-ms="3740" status="PASS">
          <reporter-output>
          </reporter-output>
        </test-method> <!-- verify_account_registration -->
        <test-method is-config="true" signature="tearDown()[pri:0, instance:testCases.TC_001AccountRegistrationPage@73dce0e6]" started-at="2025-12-31T21:18:45 IST" name="tearDown" finished-at="2025-12-31T21:18:46 IST" duration-ms="508" status="PASS">
          <reporter-output>
          </reporter-output>
        </test-method> <!-- tearDown -->
      </class> <!-- testCases.TC_001AccountRegistrationPage -->
    </test> <!-- Test -->
  </suite> <!-- Suite -->
</testng-results>
