<?xml version="1.0" encoding="UTF-8"?>
<testng-results ignored="0" total="2" passed="2" failed="0" skipped="0">
  <reporter-output>
  </reporter-output>
  <suite started-at="2025-12-31T20:17:23 IST" name="Suite" finished-at="2025-12-31T20:17:41 IST" duration-ms="17679">
    <groups>
      <group name="regression">
        <method signature="TC_001AccountRegistrationPage.verify_account_registration()[pri:0, instance:testCases.TC_001AccountRegistrationPage@75459c75]" name="verify_account_registration" class="testCases.TC_001AccountRegistrationPage"/>
      </group> <!-- regression -->
      <group name="sanity">
        <method signature="TC002_LoginTest.verify_login()[pri:0, instance:testCases.TC002_LoginTest@30bcf3c1]" name="verify_login" class="testCases.TC002_LoginTest"/>
      </group> <!-- sanity -->
      <group name="master">
        <method signature="TC002_LoginTest.verify_login()[pri:0, instance:testCases.TC002_LoginTest@30bcf3c1]" name="verify_login" class="testCases.TC002_LoginTest"/>
        <method signature="TC_001AccountRegistrationPage.verify_account_registration()[pri:0, instance:testCases.TC_001AccountRegistrationPage@75459c75]" name="verify_account_registration" class="testCases.TC_001AccountRegistrationPage"/>
      </group> <!-- master -->
    </groups>
    <test started-at="2025-12-31T20:17:23 IST" name="Test" finished-at="2025-12-31T20:17:41 IST" duration-ms="17679">
      <class name="testCases.TC002_LoginTest">
        <test-method is-config="true" signature="setup(java.lang.String,java.lang.String)[pri:0, instance:testCases.TC002_LoginTest@30bcf3c1]" started-at="2025-12-31T20:17:35 IST" name="setup" finished-at="2025-12-31T20:17:39 IST" duration-ms="3895" status="PASS">
          <params>
            <param index="0">
              <value>
                <![CDATA[linux]]>
              </value>
            </param>
            <param index="1">
              <value>
                <![CDATA[chrome]]>
              </value>
            </param>
          </params>
          <reporter-output>
          </reporter-output>
        </test-method> <!-- setup -->
        <test-method signature="verify_login()[pri:0, instance:testCases.TC002_LoginTest@30bcf3c1]" started-at="2025-12-31T20:17:39 IST" name="verify_login" finished-at="2025-12-31T20:17:41 IST" duration-ms="1747" status="PASS">
          <reporter-output>
          </reporter-output>
        </test-method> <!-- verify_login -->
        <test-method is-config="true" signature="tearDown()[pri:0, instance:testCases.TC002_LoginTest@30bcf3c1]" started-at="2025-12-31T20:17:41 IST" name="tearDown" finished-at="2025-12-31T20:17:41 IST" duration-ms="280" status="PASS">
          <reporter-output>
          </reporter-output>
        </test-method> <!-- tearDown -->
      </class> <!-- testCases.TC002_LoginTest -->
      <class name="testCases.TC_001AccountRegistrationPage">
        <test-method is-config="true" signature="setup(java.lang.String,java.lang.String)[pri:0, instance:testCases.TC_001AccountRegistrationPage@75459c75]" started-at="2025-12-31T20:17:24 IST" name="setup" finished-at="2025-12-31T20:17:31 IST" duration-ms="7212" status="PASS">
          <params>
            <param index="0">
              <value>
                <![CDATA[linux]]>
              </value>
            </param>
            <param index="1">
              <value>
                <![CDATA[chrome]]>
              </value>
            </param>
          </params>
          <reporter-output>
          </reporter-output>
        </test-method> <!-- setup -->
        <test-method signature="verify_account_registration()[pri:0, instance:testCases.TC_001AccountRegistrationPage@75459c75]" started-at="2025-12-31T20:17:31 IST" name="verify_account_registration" finished-at="2025-12-31T20:17:35 IST" duration-ms="3799" status="PASS">
          <reporter-output>
          </reporter-output>
        </test-method> <!-- verify_account_registration -->
        <test-method is-config="true" signature="tearDown()[pri:0, instance:testCases.TC_001AccountRegistrationPage@75459c75]" started-at="2025-12-31T20:17:35 IST" name="tearDown" finished-at="2025-12-31T20:17:35 IST" duration-ms="397" status="PASS">
          <reporter-output>
          </reporter-output>
        </test-method> <!-- tearDown -->
      </class> <!-- testCases.TC_001AccountRegistrationPage -->
    </test> <!-- Test -->
  </suite> <!-- Suite -->
</testng-results>
